# biosdecode 3.5
BIOS32 Service Directory present.
	Revision: 0
	Calling Interface Address: 0x000F0010
PCI Interrupt Routing 1.0 present.
	Router Device: 00:1f.0
	Exclusive IRQs: None
	Compatible Router: 8086:3b06
	Device: 00:04, on-board
	Device: 00:1f, on-board
	Device: 00:1d, on-board
	Device: 00:1a, on-board
	Device: 00:1b, on-board
	Device: 00:1c, on-board
	Device: 00:16, on-board
	Device: 00:01, on-board
	Device: 00:03, on-board
	Device: 00:05, on-board
	Device: 00:06, on-board
	Device: 02:00, slot 128
	Device: 03:01, slot 48
	Device: 00:02, on-board
	Device: 03:02, slot 49
	Device: 01:00, on-board
PNP BIOS 1.0 present.
	Event Notification: Not Supported
	Real Mode 16-bit Code Address: F000:6342
	Real Mode 16-bit Data Address: F000:0000
	16-bit Protected Mode Code Address: 0x000F636A
	16-bit Protected Mode Data Address: 0x000F0000
ACPI 2.0 present.
	OEM Identifier: ACPIAM
	RSD Table 32-bit Address: 0xD6F70000
	XSD Table 64-bit Address: 0x00000000D6F70100
SMBIOS 2.6 present.
	Structure Table Length: 2130 bytes
	Structure Table Address: 0x0009F400
	Number Of Structures: 55
	Maximum Structure Size: 191 bytes
Intel Multiprocessor present.
	Specification Revision: 1.4
	Configuration Table Address: 0x000F06F0
	Mode: Virtual Wire
