0000-0cf7 : PCI Bus 0000:00
  0000-001f : dma1
  0020-0021 : pic1
  0040-0043 : timer0
  0050-0053 : timer1
  0060-0060 : keyboard
  0061-0061 : PNP0800:00
  0064-0064 : keyboard
  0070-0071 : rtc0
  0080-008f : dma page reg
  00a0-00a1 : pic2
  00c0-00df : dma2
  00f0-00ff : PNP0C04:00
    00f0-00ff : fpu
  0290-029f : pnp 00:02
  02f8-02ff : serial
  0400-041f : 0000:00:1f.3
  04d0-04d1 : pnp 00:03
  0500-057f : gpio_ich.2.auto
    0500-057f : pnp 00:03
      0540-054f : gpio_ich
  0800-087f : pnp 00:03
    0800-0803 : ACPI PM1a_EVT_BLK
    0804-0805 : ACPI PM1a_CNT_BLK
    0808-080b : ACPI PM_TMR
    0820-082f : ACPI GPE0_BLK
    0830-0833 : iTCO_wdt.1.auto
      0830-0833 : iTCO_wdt
    0850-0850 : ACPI PM2_CNT_BLK
    0860-087f : iTCO_wdt.1.auto
      0860-087f : iTCO_wdt
  0a20-0a2f : pnp 00:02
  0a30-0a3f : pnp 00:02
  0c00-0c0f : pnp 00:02
0cf8-0cff : PCI conf1
0d00-ffff : PCI Bus 0000:00
  1000-1fff : PCI Bus 0000:02
  c000-c00f : 0000:00:1f.2
    c000-c00f : ata_piix
  c080-c08f : 0000:00:1f.2
    c080-c08f : ata_piix
  c400-c403 : 0000:00:1f.2
    c400-c403 : ata_piix
  c480-c487 : 0000:00:1f.2
    c480-c487 : ata_piix
  c800-c803 : 0000:00:1f.2
    c800-c803 : ata_piix
  c880-c887 : 0000:00:1f.2
    c880-c887 : ata_piix
  d000-d00f : 0000:00:1f.5
    d000-d00f : ata_piix
  d080-d08f : 0000:00:1f.5
    d080-d08f : ata_piix
  d400-d403 : 0000:00:1f.5
    d400-d403 : ata_piix
  d480-d487 : 0000:00:1f.5
    d480-d487 : ata_piix
  d800-d803 : 0000:00:1f.5
    d800-d803 : ata_piix
  d880-d887 : 0000:00:1f.5
    d880-d887 : ata_piix
  dc00-dc07 : 0000:00:02.0
  e000-efff : PCI Bus 0000:01
    e800-e8ff : 0000:01:00.0
