superiotool r4.21-688-gbfadc78bd7
Probing for ALi Super I/O at 0x3f0...
  Failed. Returned data: id=0xffff, rev=0xff
Probing for ALi Super I/O at 0x370...
  Failed. Returned data: id=0xffff, rev=0xff
Probing for Aspeed Super I/O at 0x2e...
  Failed. Returned data: scratch registers all read as 0xff
Probing for Aspeed Super I/O at 0x4e...
  Failed. Returned data: scratch registers all read as 0xff
Probing for Exar Super I/O at 0x2e...
  Failed. Returned data: vid=0xffff, id=0xffff
Probing for Exar Super I/O at 0x4e...
  Failed. Returned data: vid=0xffff, id=0xffff
Probing for Fintek Super I/O at 0x2e...
  Failed. Returned data: vid=0xffff, id=0xffff
Probing for Fintek Super I/O at 0x4e...
  Failed. Returned data: vid=0xffff, id=0xffff
Probing for Fintek Super I/O at 0x2e...
  Failed. Returned data: vid=0xffff, id=0xffff
Probing for Fintek Super I/O at 0x4e...
  Failed. Returned data: vid=0xffff, id=0xffff
Probing for ITE Super I/O (init=standard) at 0x20e...
  Failed. Returned data: id=0xffff, rev=0xf
Probing for ITE Super I/O (init=it8502e) at 0x20e...
  Failed. Returned data: id=0xffff, rev=0xf
Probing for ITE Super I/O (init=it8761e) at 0x20e...
  Failed. Returned data: id=0xffff, rev=0xf
Probing for ITE Super I/O (init=it8228e) at 0x20e...
  Failed. Returned data: id=0xffff, rev=0xf
Probing for ITE Super I/O (init=it8987e) at 0x20e...
  Failed. Returned data: id=0xffff, rev=0xf
Probing for ITE Super I/O (init=0x87,0x87) at 0x20e...
  Failed. Returned data: id=0xffff, rev=0xf
Probing for ITE Super I/O (init=standard) at 0x25e...
  Failed. Returned data: id=0xffff, rev=0xf
Probing for ITE Super I/O (init=it8502e) at 0x25e...
  Failed. Returned data: id=0xffff, rev=0xf
Probing for ITE Super I/O (init=it8761e) at 0x25e...
  Failed. Returned data: id=0xffff, rev=0xf
Probing for ITE Super I/O (init=it8228e) at 0x25e...
  Failed. Returned data: id=0xffff, rev=0xf
Probing for ITE Super I/O (init=it8987e) at 0x25e...
  Failed. Returned data: id=0xffff, rev=0xf
Probing for ITE Super I/O (init=0x87,0x87) at 0x25e...
  Failed. Returned data: id=0xffff, rev=0xf
Probing for ITE Super I/O (init=standard) at 0x2e...
Found ITE IT8718F (id=0x8718, rev=0x8) at 0x2e
Register dump:
idx 20 21 22 23 24 2b
val 87 18 08 00 00 00
def 87 18 01 00 00 00
LDN 0x00 (Floppy)
idx 30 60 61 70 74 f0 f1
val 00 03 f0 06 02 00 00
def 00 03 f0 06 02 00 00
LDN 0x01 (COM1)
idx 30 60 61 70 f0 f1 f2 f3
val 00 03 f8 04 00 50 00 7f
def 00 03 f8 04 00 50 00 7f
LDN 0x02 (COM2)
idx 30 60 61 70 f0 f1 f2 f3
val 01 02 f8 03 00 50 00 7f
def 00 02 f8 03 00 50 00 7f
LDN 0x03 (Parallel port)
idx 30 60 61 62 63 70 74 f0
val 00 03 78 07 78 07 04 03
def 00 03 78 07 78 07 03 03
LDN 0x04 (Environment controller)
idx 30 60 61 62 63 70 f0 f1  f2 f3 f4 f5 f6
val 01 02 90 0c 00 00 00 00  00 00 80 00 00
def 00 02 90 02 30 09 00 00  00 00 00 NA NA
LDN 0x05 (Keyboard)
idx 30 60 61 62 63 70 71 f0
val 01 00 60 00 64 01 02 0c
def 01 00 60 00 64 01 02 00
LDN 0x06 (Mouse)
idx 30 70 71 f0
val 01 0c 02 00
def 00 0c 02 00
LDN 0x07 (GPIO)
idx 25 26 27 28 29 2a 2c 60  61 62 63 64 65 70 71 72  73 74 b0 b1 b2 b3 b4 b5  b8 b9 ba bb bc bd c0 c1  c2 c3 c4 c5 c8 c9 ca cb  cc e0 e1 e2 e3 e4 e5 e6  e7 f0 f1 f2 f3 f4 f5 f6  f7 f8 f9 fa fb fc fd fe  ff
val 00 00 00 00 00 00 0b 00  00 0a 20 00 00 00 01 20  38 00 00 00 00 00 00 00  00 00 00 00 00 00 00 f8  00 00 00 00 00 00 00 00  00 00 00 00 00 00 00 00  00 00 00 00 00 00 00 00  00 00 00 00 00 3f 00 00  00
def 01 00 00 40 00 00 00 00  00 00 00 00 00 00 00 20  38 00 00 00 00 00 00 00  00 00 00 00 00 00 01 00  00 40 00 00 01 00 00 40  00 00 00 00 00 00 00 00  00 00 00 00 00 00 00 00  00 00 00 00 00 NA 00 00  00
LDN 0x0a (Consumer IR)
idx 30 60 61 70 f0
val 00 03 10 0b 06
def 00 03 10 0b 00
Environment controller (0x0295)
Register dump:
idx 00 01 02 03 04 05 06 07  08 09 0a 0b 0c 0d 0e 0f  10 11 12 13 14 15 16 17  18 19 1a 1b 1c 1d 20 21  22 23 24 25 26 27 28 29  2a 2b 30 31 32 33 34 35  36 37 38 39 3a 3b 3c 3d  3e 3f 40 41 42 43 44 45  50 51 52 53 54 56 57 58  59 5b 5c 5d 5e 5f 60 61  62 63 64 65 68 69 6a 6b  6c 6d 70 71 72 73 74 75  80 81 82 83 88 89 8a 8b  8c 8d 8e 8f 90 91 92 94  95 96 a0 a1 a2 a3 a4 a5  a6
val 11 00 ff 06 37 ff 07 37  ff 07 58 09 03 97 9e ff  ff ff ff 7d d7 81 7f 7f  00 01 ff ff ff ff 4c 73  cb b7 61 ff ff ff d1 80  35 1b ff ff ff ff ff ff  ff ff ff ff ff ff ff ff  ff ff ff ff ff ff ff ff  17 30 7f 7f 7f f8 56 90  56 12 e0 00 00 00 00 24  42 19 9b 65 00 24 42 4c  00 65 00 00 7f 40 00 65  00 00 00 00 00 00 00 00  00 00 02 00 ff 00 00 ff  00 00 00 00 00 00 00 00  00
def 18 00 00 00 00 00 00 00  00 80 40 09 00 NA NA NA  NA NA NA 07 50 MM MM MM  NA NA NA NA NA NA NA NA  NA NA NA NA NA NA NA NA  NA NA NA NA NA NA NA NA  NA NA NA NA NA NA NA NA  NA NA NA NA NA NA NA NA  00 00 7f 7f 7f 00 00 90  00 12 00 00 00 00 7f 7f  7f 00 00 7f 7f 7f 7f 00  00 7f 7f 7f 7f 00 00 7f  NA NA NA NA 00 00 00 00  00 00 02 00 ff 00 00 ff  00 00 00 00 00 00 00 00  00
BRAM (0x0000)
Probing for ITE Super I/O (init=standard) at 0x4e...
  Failed. Returned data: id=0xffff, rev=0xf
Probing for ITE Super I/O (init=it8502e) at 0x4e...
  Failed. Returned data: id=0xffff, rev=0xf
Probing for ITE Super I/O (init=it8761e) at 0x4e...
  Failed. Returned data: id=0xffff, rev=0xf
Probing for ITE Super I/O (init=it8228e) at 0x4e...
  Failed. Returned data: id=0xffff, rev=0xf
Probing for ITE Super I/O (init=it8987e) at 0x4e...
  Failed. Returned data: id=0xffff, rev=0xf
Probing for ITE Super I/O (init=0x87,0x87) at 0x4e...
  Failed. Returned data: id=0xffff, rev=0xf
Probing for ITE Super I/O (init=legacy/it8661f) at 0x370...
  Failed. Returned data: id=0xffff, rev=0xf
Probing for ITE Super I/O (init=legacy/it8671f) at 0x370...
  Failed. Returned data: id=0xffff, rev=0xf
Probing for ITE Super I/O (init=standard) at 0x6e...
  Failed. Returned data: id=0xffff, rev=0xf
Probing for ITE Super I/O (init=it8502e) at 0x6e...
  Failed. Returned data: id=0xffff, rev=0xf
Probing for ITE Super I/O (init=it8761e) at 0x6e...
  Failed. Returned data: id=0xffff, rev=0xf
Probing for ITE Super I/O (init=it8228e) at 0x6e...
  Failed. Returned data: id=0xffff, rev=0xf
Probing for ITE Super I/O (init=it8987e) at 0x6e...
  Failed. Returned data: id=0xffff, rev=0xf
Probing for ITE Super I/O (init=0x87,0x87) at 0x6e...
  Failed. Returned data: id=0xffff, rev=0xf
Probing for NSC Super I/O at 0x2e...
  Failed. Returned data: port=0xff, port+1=0xff
Probing for NSC Super I/O at 0x4e...
  Failed. Returned data: port=0xff, port+1=0xff
Probing for NSC Super I/O at 0x15c...
  Failed. Returned data: port=0xff, port+1=0xff
Probing for NSC Super I/O at 0x164e...
  Failed. Returned data: port=0xff, port+1=0xff
Probing for Nuvoton Super I/O at 0x164e...
  Failed. Returned data: chip_id=0xffff
Probing for Nuvoton Super I/O (sid=0xfc) at 0x164e...
  Failed. Returned data: sid=0xff, id=0xffff, rev=0x00
Probing for Nuvoton Super I/O at 0x2e...
  Failed. Returned data: chip_id=0xffff
Probing for Nuvoton Super I/O (sid=0xfc) at 0x2e...
  Failed. Returned data: sid=0xff, id=0xffff, rev=0x00
Probing for Nuvoton Super I/O at 0x4e...
  Failed. Returned data: chip_id=0xffff
Probing for Nuvoton Super I/O (sid=0xfc) at 0x4e...
  Failed. Returned data: sid=0xff, id=0xffff, rev=0x00
Probing for SMSC Super I/O (idregs=0x20/0x21) at 0x2e...
  Failed. Returned data: id=0xff, rev=0xff
Probing for SMSC Super I/O (idregs=0x0d/0x0e) at 0x2e...
  Failed. Returned data: id=0xff, rev=0xff
Probing for SMSC Super I/O (idregs=0x20/0x21) at 0x4e...
  Failed. Returned data: id=0xff, rev=0xff
Probing for SMSC Super I/O (idregs=0x0d/0x0e) at 0x4e...
  Failed. Returned data: id=0xff, rev=0xff
Probing for SMSC Super I/O (idregs=0x20/0x21) at 0x162e...
  Failed. Returned data: id=0xff, rev=0xff
Probing for SMSC Super I/O (idregs=0x0d/0x0e) at 0x162e...
  Failed. Returned data: id=0xff, rev=0xff
Probing for SMSC Super I/O (idregs=0x20/0x21) at 0x164e...
  Failed. Returned data: id=0xff, rev=0xff
Probing for SMSC Super I/O (idregs=0x0d/0x0e) at 0x164e...
  Failed. Returned data: id=0xff, rev=0xff
Probing for SMSC Super I/O (idregs=0x20/0x21) at 0x3f0...
  Failed. Returned data: id=0xff, rev=0xff
Probing for SMSC Super I/O (idregs=0x0d/0x0e) at 0x3f0...
  Failed. Returned data: id=0xff, rev=0xff
Probing for SMSC Super I/O (idregs=0x20/0x21) at 0x370...
  Failed. Returned data: id=0xff, rev=0xff
Probing for SMSC Super I/O (idregs=0x0d/0x0e) at 0x370...
  Failed. Returned data: id=0xff, rev=0xff
Probing for Winbond Super I/O (init=0x88) at 0x2e...
  Failed. Returned data: id/oldid=0xff/0x0f, rev=0xff
Probing for Winbond Super I/O (init=0x89) at 0x2e...
  Failed. Returned data: id/oldid=0xff/0x0f, rev=0xff
Probing for Winbond Super I/O (init=0x86,0x86) at 0x2e...
  Failed. Returned data: id/oldid=0xff/0x0f, rev=0xff
Probing for Winbond Super I/O (init=0x87,0x87) at 0x2e...
  Failed. Returned data: id/oldid=0xff/0x0f, rev=0xff
Probing for Winbond Super I/O (init=0x88) at 0x4e...
  Failed. Returned data: id/oldid=0xff/0x0f, rev=0xff
Probing for Winbond Super I/O (init=0x89) at 0x4e...
  Failed. Returned data: id/oldid=0xff/0x0f, rev=0xff
Probing for Winbond Super I/O (init=0x86,0x86) at 0x4e...
  Failed. Returned data: id/oldid=0xff/0x0f, rev=0xff
Probing for Winbond Super I/O (init=0x87,0x87) at 0x4e...
  Failed. Returned data: id/oldid=0xff/0x0f, rev=0xff
Probing for Winbond Super I/O (init=0x88) at 0x3f0...
  Failed. Returned data: id/oldid=0xff/0x0f, rev=0xff
Probing for Winbond Super I/O (init=0x89) at 0x3f0...
  Failed. Returned data: id/oldid=0xff/0x0f, rev=0xff
Probing for Winbond Super I/O (init=0x86,0x86) at 0x3f0...
  Failed. Returned data: id/oldid=0xff/0x0f, rev=0xff
Probing for Winbond Super I/O (init=0x87,0x87) at 0x3f0...
  Failed. Returned data: id/oldid=0xff/0x0f, rev=0xff
Probing for Winbond Super I/O (init=0x88) at 0x370...
  Failed. Returned data: id/oldid=0xff/0x0f, rev=0xff
Probing for Winbond Super I/O (init=0x89) at 0x370...
  Failed. Returned data: id/oldid=0xff/0x0f, rev=0xff
Probing for Winbond Super I/O (init=0x86,0x86) at 0x370...
  Failed. Returned data: id/oldid=0xff/0x0f, rev=0xff
Probing for Winbond Super I/O (init=0x87,0x87) at 0x370...
  Failed. Returned data: id/oldid=0xff/0x0f, rev=0xff
Probing for Winbond Super I/O (init=0x88) at 0x250...
  Failed. Returned data: id/oldid=0xff/0x0f, rev=0xff
Probing for Winbond Super I/O (init=0x89) at 0x250...
  Failed. Returned data: id/oldid=0xff/0x0f, rev=0xff
Probing for Winbond Super I/O (init=0x86,0x86) at 0x250...
  Failed. Returned data: id/oldid=0xff/0x0f, rev=0xff
Probing for Winbond Super I/O (init=0x87,0x87) at 0x250...
  Failed. Returned data: id/oldid=0xff/0x0f, rev=0xff
Probing for VIA Super I/O (init=0x87,0x87) at 0x2e...
  Failed. Returned data: id=0xff, rev=0xff
Probing for VIA Super I/O (init=0x87,0x87) at 0x4e...
  Failed. Returned data: id=0xff, rev=0xff
Probing for VIA Super I/O (init=vt82c686) at 0x3f0...
  PCI device 1106:0686 not found.
Probing for AMD EC Super I/O at 0xaa...
Probing for Server Engines Super I/O at 0x2e...
  Failed. Returned data: id=0xffff, rev=0xff
Probing for Infineon Super I/O at 0x2e...
  Failed. Returned data: id=0xff, rev=0xff
Probing for Infineon Super I/O at 0x4e...
  Failed. Returned data: id=0xff, rev=0xff
